CPEN 431 EVALUATION test Client
Time: Wed Feb 06 02:52:20 UTC 2019
Build Date: Wed Feb 06 02:44:11 UTC 2019
Java process ID: 26539

[Info] A4 Client running in SUBMIT mode.

[Info] Evaluating Amazon server deployment.

[Info] Created server list successfully.
[Info] Checking co-deployment violation.
[Info] Checking if the test client is running on AWS
Detected instance type: c5.large


[Test isAlive]
TEST PASSED
[Info] Results server is up. Secret code is valid.

[ TEST Basic PUT/GET (PUT -> GET). Value Length = 8 Bytes ]
TEST_PASSED

[ TEST Basic PUT/GET (PUT -> GET). Value Length = 32 Bytes ]
TEST_PASSED

[ TEST Basic PUT/GET (PUT -> GET). Value Length = 2048 Bytes ]
TEST_PASSED

[ TEST Basic PUT/GET (PUT -> GET). Value Length = 10000 Bytes ]
TEST_PASSED



[ TEST Basic KVS with message version (PUT Version 1 -> GET -> PUT Version 2 -> GET). Value Length = 8 Bytes ]
TEST_PASSED

[ TEST Basic KVS with message version (PUT Version 1 -> GET -> PUT Version 2 -> GET). Value Length = 32 Bytes ]
TEST_PASSED

[ TEST Basic KVS with message version (PUT Version 1 -> GET -> PUT Version 2 -> GET). Value Length = 2048 Bytes ]
TEST_PASSED

[ TEST Basic KVS with message version (PUT Version 1 -> GET -> PUT Version 2 -> GET). Value Length = 10000 Bytes ]
TEST_PASSED

[ TEST Basic REMOVE (PUT -> GET -> REM -> GET). Value Length = 32 Bytes. ]
TEST_PASSED

[ TEST Double remove (PUT -> REM -> REM). Value Length = 32 Bytes. ]
TEST_PASSED

[ TEST Invalid Command. ]
TEST_PASSED

[ TEST At-Most-Once Client Policy (PUT -> REM -> REM). Value length =  32 Bytes ]
TEST_PASSED

[ TEST At-Most-Once Client Policy Empty REMs (EMPTY -> REM -> REM) ]
TEST_PASSED

[ TEST At-Most-Once Client Policy Error Return Code (REM -> PUT -> REM) ]
TEST_PASSED

[ TEST Multi Client Performance (1 clients, 60.0 seconds): PUT -> GET (closed loop) ]
Test time limit reached: 60.0s.
Test completed after 1397 closed loops.
[Test] Checking if server is up ...
Test Passed. Server is ok.
Test Status: TEST_PASSED
Clients: 1
Total Requests (without replies): 2794
Total Requests (including replies): 2794
Successful Responses: 2794
Timeout Responses: 0
Total Failed Responses: 0
% Success: 100.0
% Timeout: 0.0
% Failed: 0.0
Response Time (Successful requests):
[max] 25ms, [min] 19ms
[avg] 21.41982820329277 ms, [stdev] 0.7386801472164756ms
Throughput: 46.544945692010394 requests per second
Goodput: 46.544945692010394 requests per second
Retry Rate (Successful requests): 1.0

[ TEST Multi Client Performance (2 clients, 60.0 seconds): PUT -> GET (closed loop) ]
Test time limit reached: 60.0s.
Test completed after 1402 closed loops.
Test time limit reached: 60.0s.
Test completed after 1403 closed loops.
[Test] Checking if server is up ...
Test Passed. Server is ok.
Test Status: TEST_PASSED
Clients: 2
Total Requests (without replies): 5610
Total Requests (including replies): 5610
Successful Responses: 5610
Timeout Responses: 0
Total Failed Responses: 0
% Success: 100.0
% Timeout: 0.0
% Failed: 0.0
Response Time (Successful requests):
[max] 26ms, [min] 19ms
[avg] 21.354723707664885 ms, [stdev] 0.729820604253792ms
Throughput: 93.42992755433426 requests per second
Goodput: 93.42992755433426 requests per second
Retry Rate (Successful requests): 1.0

[ TEST Multi Client Performance (8 clients, 60.0 seconds): PUT -> GET (closed loop) ]
Logic error after 1357 closed loops. GET Value != PUT Value.
Put:412107180, Get:436859094
Test time limit reached: 60.0s.
Test completed after 1401 closed loops.
Test time limit reached: 60.0s.
Test completed after 1405 closed loops.
Test time limit reached: 60.0s.
Test completed after 1405 closed loops.
Test time limit reached: 60.0s.
Test completed after 1406 closed loops.
Test time limit reached: 60.0s.
Test completed after 1405 closed loops.
Test time limit reached: 60.0s.
Test completed after 1405 closed loops.
Test time limit reached: 60.0s.
Test completed after 1405 closed loops.
Test Failed. Logic Error.
Test Aborted!
Test Status: TEST_FAILED
Clients: 8
Total Requests (without replies): 22378
Total Requests (including replies): 22379
Successful Responses: 22378
Timeout Responses: 0
Total Failed Responses: 0
% Success: 100.0
% Timeout: 0.0
% Failed: 0.0
Response Time (Successful requests):
[max] 173ms, [min] 19ms
[avg] 21.33403342568594 ms, [stdev] 1.260935721828604ms
Throughput: 372.6995653115267 requests per second
Goodput: 372.6995653115267 requests per second
Retry Rate (Successful requests): 1.0000446867459112
Test did not pass for clients = 8

[ TEST Multi Client Performance (32 clients, 60.0 seconds): PUT -> GET (closed loop) ]
Logic error after 115 closed loops. GET Value != PUT Value.
Put:167044268, Get:1023862293
Test time limit reached: 60.0s.
Test completed after 1406 closed loops.
Test time limit reached: 60.0s.
Test completed after 1404 closed loops.
Test time limit reached: 60.0s.
Test completed after 1404 closed loops.
Test time limit reached: 60.0s.
Test completed after 1405 closed loops.
Test time limit reached: 60.0s.
Test completed after 1405 closed loops.
Test time limit reached: 60.0s.
Test completed after 1405 closed loops.
Test time limit reached: 60.0s.
Test completed after 1406 closed loops.
Test time limit reached: 60.0s.
Test completed after 1404 closed loops.
Test time limit reached: 60.0s.
Test completed after 1405 closed loops.
Test time limit reached: 60.0s.
Test completed after 1406 closed loops.
Test time limit reached: 60.0s.
Test completed after 1407 closed loops.
Test time limit reached: 60.0s.
Test completed after 1406 closed loops.
Test time limit reached: 60.0s.
Test completed after 1404 closed loops.
Test time limit reached: 60.0s.
Test completed after 1405 closed loops.
Test time limit reached: 60.0s.
Test completed after 1405 closed loops.
Test time limit reached: 60.0s.
Test completed after 1406 closed loops.
Test time limit reached: 60.0s.
Test completed after 1406 closed loops.
Test time limit reached: 60.0s.
Test completed after 1403 closed loops.
Test time limit reached: 60.0s.
Test completed after 1406 closed loops.
Test time limit reached: 60.0s.
Test completed after 1406 closed loops.
Test time limit reached: 60.0s.
Test completed after 1407 closed loops.
Test time limit reached: 60.0s.
Test completed after 1404 closed loops.
Test time limit reached: 60.0s.
Test completed after 1405 closed loops.
Test time limit reached: 60.0s.
Test completed after 1406 closed loops.
Test time limit reached: 60.0s.
Test completed after 1405 closed loops.
Test time limit reached: 60.0s.
Test completed after 1404 closed loops.
Test time limit reached: 60.0s.
Test completed after 1405 closed loops.
Test time limit reached: 60.0s.
Test completed after 1406 closed loops.
Test time limit reached: 60.0s.
Test completed after 1406 closed loops.
Test time limit reached: 60.0s.
Test completed after 1406 closed loops.
Test time limit reached: 60.0s.
Test completed after 1407 closed loops.
Test Failed. Logic Error.
Test Aborted!
Test Status: TEST_FAILED
Clients: 32
Total Requests (without replies): 87360
Total Requests (including replies): 87361
Successful Responses: 87360
Timeout Responses: 0
Total Failed Responses: 0
% Success: 100.0
% Timeout: 0.0
% Failed: 0.0
Response Time (Successful requests):
[max] 172ms, [min] 19ms
[avg] 21.31860119047619 ms, [stdev] 0.9099406067437893ms
Throughput: 1454.9088183862104 requests per second
Goodput: 1454.9088183862104 requests per second
Retry Rate (Successful requests): 1.000011446886447
Test did not pass for clients = 32

[ TEST Multi Client Performance (128 clients, 60.0 seconds): PUT -> GET (closed loop) ]
Logic error after 3 closed loops. GET Value != PUT Value.
Put:21416153, Get:649846347
Logic error after 3 closed loops. GET Value != PUT Value.
Put:716102968, Get:21416153
Logic error after 84 closed loops. GET Value != PUT Value.
Put:1293893825, Get:238308172
Logic error after 84 closed loops. GET Value != PUT Value.
Put:238308172, Get:1836453365
Logic error after 128 closed loops. GET Value != PUT Value.
Put:1245604788, Get:1029099600
Logic error after 156 closed loops. GET Value != PUT Value.
Put:1508680794, Get:1934251288
Logic error after 158 closed loops. GET Value != PUT Value.
Put:1895082190, Get:687385486
Logic error after 164 closed loops. GET Value != PUT Value.
Put:1650712394, Get:128604188
Logic error after 164 closed loops. GET Value != PUT Value.
Put:1026380341, Get:1650712394
Invalid value length! Expecting 4 Bytes, received 0 Bytes.
Logic error after 210 closed loops. GET Value != PUT Value.
Invalid value length! Expecting 4 Bytes, received 0 Bytes.
Put:1822133474, Get:-2147483648
Logic error after 386 closed loops. GET Value != PUT Value.
Put:803988513, Get:1050502977
Invalid value length! Expecting 4 Bytes, received 0 Bytes.
Logic error after 401 closed loops. GET Value != PUT Value.
Invalid value length! Expecting 4 Bytes, received 0 Bytes.
Put:665475216, Get:-2147483648
Logic error after 496 closed loops. GET Value != PUT Value.
Put:112746339, Get:2049646028
Logic error after 498 closed loops. GET Value != PUT Value.
Put:305003736, Get:1140645227
Logic error after 863 closed loops. GET Value != PUT Value.
Put:1342480326, Get:183044711
Logic error after 883 closed loops. GET Value != PUT Value.
Put:1381659115, Get:1904377710
Logic error after 881 closed loops. GET Value != PUT Value.
Put:1753636583, Get:655506022
Logic error after 883 closed loops. GET Value != PUT Value.
Put:1904377710, Get:1574032744
Logic error after 938 closed loops. GET Value != PUT Value.
Put:91861899, Get:1099800002
Logic error after 952 closed loops. GET Value != PUT Value.
Put:1809264354, Get:689347939
Logic error after 1032 closed loops. GET Value != PUT Value.
Put:1854107308, Get:317276916
Logic error after 1102 closed loops. GET Value != PUT Value.
Put:1245852199, Get:873168659
Invalid value length! Expecting 4 Bytes, received 0 Bytes.
Logic error after 1108 closed loops. GET Value != PUT Value.
Invalid value length! Expecting 4 Bytes, received 0 Bytes.
Put:459892984, Get:-2147483648
Logic error after 1131 closed loops. GET Value != PUT Value.
Put:1639137828, Get:1882113147
Logic error after 1169 closed loops. GET Value != PUT Value.
Put:1000841342, Get:1324582958
Invalid value length! Expecting 4 Bytes, received 0 Bytes.
Logic error after 1265 closed loops. GET Value != PUT Value.
Invalid value length! Expecting 4 Bytes, received 0 Bytes.
Put:70452384, Get:-2147483648
Logic error after 1323 closed loops. GET Value != PUT Value.
Put:746401882, Get:621760129
Logic error after 1323 closed loops. GET Value != PUT Value.
Put:158017002, Get:746401882
Test time limit reached: 60.0s.
Test completed after 1384 closed loops.
Test time limit reached: 60.0s.
Test completed after 1381 closed loops.
Test time limit reached: 60.0s.
Test completed after 1383 closed loops.
Test time limit reached: 60.0s.
Test completed after 1382 closed loops.
Test time limit reached: 60.0s.
Test completed after 1381 closed loops.
Test time limit reached: 60.0s.
Test completed after 1381 closed loops.
Test time limit reached: 60.0s.
Test completed after 1383 closed loops.
Test time limit reached: 60.0s.
Test time limit reached: 60.0s.
Test completed after 1384 closed loops.
Test time limit reached: 60.0s.
Test completed after 1385 closed loops.
Test time limit reached: 60.0s.
Test completed after 1383 closed loops.
Test time limit reached: 60.0s.
Test completed after 1384 closed loops.
Test time limit reached: 60.0s.
Test completed after 1382 closed loops.
Test time limit reached: 60.0s.
Test completed after 1381 closed loops.
Test time limit reached: 60.0s.
Test completed after 1382 closed loops.
Test time limit reached: 60.0s.
Test completed after 1383 closed loops.
Test time limit reached: 60.0s.
Test completed after 1380 closed loops.
Test completed after 1380 closed loops.
Test time limit reached: 60.0s.
Test completed after 1385 closed loops.
Test time limit reached: 60.0s.
Test completed after 1383 closed loops.
Test time limit reached: 60.0s.
Test completed after 1381 closed loops.
Test time limit reached: 60.0s.
Test completed after 1380 closed loops.
Test time limit reached: 60.0s.
Test completed after 1381 closed loops.
Test time limit reached: 60.0s.
Test completed after 1379 closed loops.
Test time limit reached: 60.0s.
Test completed after 1382 closed loops.
Test time limit reached: 60.0s.
Test completed after 1382 closed loops.
Test time limit reached: 60.0s.
Test completed after 1387 closed loops.
Test time limit reached: 60.0s.
Test completed after 1385 closed loops.
Test time limit reached: 60.0s.
Test completed after 1383 closed loops.
Test time limit reached: 60.0s.
Test completed after 1384 closed loops.
Test time limit reached: 60.0s.
Test completed after 1385 closed loops.
Test time limit reached: 60.0s.
Test completed after 1382 closed loops.
Test time limit reached: 60.0s.
Test completed after 1384 closed loops.
Test time limit reached: 60.0s.
Test completed after 1385 closed loops.
Test time limit reached: 60.0s.
Test completed after 1382 closed loops.
Test time limit reached: 60.0s.
Test completed after 1381 closed loops.
Test time limit reached: 60.0s.
Test completed after 1382 closed loops.
Test time limit reached: 60.0s.
Test completed after 1386 closed loops.
Test time limit reached: 60.0s.
Test completed after 1385 closed loops.
Test time limit reached: 60.0s.
Test completed after 1386 closed loops.
Test time limit reached: 60.0s.
Test completed after 1381 closed loops.
Test time limit reached: 60.0s.
Test completed after 1386 closed loops.
Test time limit reached: 60.0s.
Test completed after 1384 closed loops.
Test time limit reached: 60.0s.
Test completed after 1384 closed loops.
Test time limit reached: 60.0s.
Test completed after 1384 closed loops.
Test time limit reached: 60.0s.
Test completed after 1386 closed loops.
Test time limit reached: 60.0s.
Test completed after 1384 closed loops.
Test time limit reached: 60.0s.
Test completed after 1386 closed loops.
Test time limit reached: 60.0s.
Test completed after 1384 closed loops.
Test time limit reached: 60.0s.
Test completed after 1385 closed loops.
Test time limit reached: 60.0s.
Test completed after 1382 closed loops.
Test time limit reached: 60.0s.
Test completed after 1383 closed loops.
Test time limit reached: 60.0s.
Test completed after 1386 closed loops.
Test time limit reached: 60.0s.
Test completed after 1384 closed loops.
Test time limit reached: 60.0s.
Test completed after 1382 closed loops.
Test time limit reached: 60.0s.
Test completed after 1381 closed loops.
Test time limit reached: 60.0s.
Test completed after 1384 closed loops.
Test time limit reached: 60.0s.
Test completed after 1384 closed loops.
Test time limit reached: 60.0s.
Test completed after 1384 closed loops.
Test time limit reached: 60.0s.
Test completed after 1384 closed loops.
Test time limit reached: 60.0s.
Test completed after 1383 closed loops.
Test time limit reached: 60.0s.
Test completed after 1383 closed loops.
Test time limit reached: 60.0s.
Test completed after 1383 closed loops.
Test time limit reached: 60.0s.
Test completed after 1383 closed loops.
Test time limit reached: 60.0s.
Test time limit reached: 60.0s.
Test completed after 1383 closed loops.
Test completed after 1385 closed loops.
Test time limit reached: 60.0s.
Test completed after 1384 closed loops.
Test time limit reached: 60.0s.
Test completed after 1383 closed loops.
Test time limit reached: 60.0s.
Test completed after 1384 closed loops.
Test time limit reached: 60.0s.
Test completed after 1378 closed loops.
Test time limit reached: 60.0s.
Test completed after 1380 closed loops.
Test time limit reached: 60.0s.
Test completed after 1384 closed loops.
Test time limit reached: 60.0s.
Test completed after 1384 closed loops.
Test time limit reached: 60.0s.
Test completed after 1382 closed loops.
Test time limit reached: 60.0s.
Test completed after 1383 closed loops.
Test time limit reached: 60.0s.
Test completed after 1385 closed loops.
Test time limit reached: 60.0s.
Test completed after 1383 closed loops.
Test time limit reached: 60.0s.
Test completed after 1381 closed loops.
Test time limit reached: 60.0s.
Test completed after 1384 closed loops.
Test time limit reached: 60.0s.
Test completed after 1383 closed loops.
Test time limit reached: 60.0s.
Test completed after 1382 closed loops.
Test time limit reached: 60.0s.
Test completed after 1383 closed loops.
Test time limit reached: 60.0s.
Test completed after 1382 closed loops.
Test time limit reached: 60.0s.
Test completed after 1386 closed loops.
Test time limit reached: 60.0s.
Test completed after 1384 closed loops.
Test time limit reached: 60.0s.
Test completed after 1386 closed loops.
Test time limit reached: 60.0s.
Test completed after 1383 closed loops.
Test time limit reached: 60.0s.
Test completed after 1382 closed loops.
Test time limit reached: 60.0s.
Test completed after 1381 closed loops.
Test time limit reached: 60.0s.
Test completed after 1381 closed loops.
Test time limit reached: 60.0s.
Test completed after 1383 closed loops.
Test time limit reached: 60.0s.
Test completed after 1385 closed loops.
Test time limit reached: 60.0s.
Test completed after 1381 closed loops.
Test time limit reached: 60.0s.
Test completed after 1386 closed loops.
Test time limit reached: 60.0s.
Test completed after 1383 closed loops.
Test time limit reached: 60.0s.
Test completed after 1384 closed loops.
Test time limit reached: 60.0s.
Test completed after 1383 closed loops.
Test time limit reached: 60.0s.
Test completed after 1385 closed loops.
Test time limit reached: 60.0s.
Test completed after 1384 closed loops.
Test time limit reached: 60.0s.
Test completed after 1381 closed loops.
Test time limit reached: 60.0s.
Test completed after 1382 closed loops.
Test Failed. Logic Error.
Test Aborted!
Test Status: TEST_FAILED
Clients: 128
Total Requests (without replies): 312200
Total Requests (including replies): 312204
Successful Responses: 312199
Timeout Responses: 0
Total Failed Responses: 1
% Success: 99.9996796925048
% Timeout: 0.0
% Failed: 3.2030749519538755E-4
Response Time (Successful requests):
[max] 172ms, [min] 18ms
[avg] 21.648695223239024 ms, [stdev] 2.3218183142869435ms
Throughput: 5197.615955781973 requests per second
Goodput: 5197.599307428495 requests per second
Retry Rate (Successful requests): 1.0000128122998078
Test did not pass for clients = 128


[ TEST Multi Client Crash: PUT -> GET (closed loop) + REM -> WIPEOUT (closed loop) ]
[Test isAlive]
Test Passed. Server is ok.
TEST_PASSED
Pausing for 10 seconds to wait for the cache to be cleared!

[ TEST Single Client Capacity (Value Size = 10000 bytes, Limit = 7340 PUTs, ~69.99969482421875 MiB) : PUT -> GET (closed loop) ]
ERROR_OUT_OF_SPACE
Received error code after 4997 closed loops (~47.65510559082031 MiB).
PUTs sent = 4997(~47.65510559082031 MiB) , Limit = 7340
[Test isAlive]
Test Passed. Server is ok.
TEST_PASSED
Pausing for 10 seconds to wait for the cache to be cleared!

[ TEST Single Client Capacity (Value Size = 5000 bytes, Limit = 14680 PUTs, ~69.99969482421875 MiB) : PUT -> GET (closed loop) ]
ERROR_OUT_OF_SPACE
Received error code after 9985 closed loops (~47.61219024658203 MiB).
PUTs sent = 9985(~47.61219024658203 MiB) , Limit = 14680
[Test isAlive]
Test Passed. Server is ok.
TEST_PASSED

[TEST Invalid Key ]
TEST_PASSED

[TEST Invalid Value ]
TEST_PASSED

Sending SHUTDOWN to 1 servers.
[ ... Completed in 6.456 seconds ]
[Test isAlive] for ec2-35-162-59-195.us-west-2.compute.amazonaws.com:18141
[ ... Completed in 64.575 seconds ]
Results Summary:
Test Start Time : Wed Feb 06 02:52:25 UTC 2019
Client AWS Instance Type : c5.large
Client Local IP : ip-172-31-15-113/172.31.15.113
Client Local Hostname : ip-172-31-15-113
Server List : ec2-35-162-59-195.us-west-2.compute.amazonaws.com_18141_
Server Count : 1
Basic PUT GET  : 2.0
Double PUT with version : 2.0
Remove Operation : 2.0
Double Remove : 2.0
Invalid Command : 2.0
At-Most-Once Policy : 2.0
At-Most-Once Policy Empty REMs : 2.0
At-Most-Once Policy Error Return Code : 2.0
1 Client(s) Throughput (Requests per Second) : 47.0
1 Client(s) Goodput (Requests per Second) : 47.0
1 Client(s) Maximum Response Time (ms) : 25.0
1 Client(s) Average Response Time (ms) : 22.0
1 Client(s) STDEV Response Time (ms) : 1.0
2 Client(s) Throughput (Requests per Second) : 94.0
2 Client(s) Goodput (Requests per Second) : 94.0
2 Client(s) Maximum Response Time (ms) : 26.0
2 Client(s) Average Response Time (ms) : 22.0
2 Client(s) STDEV Response Time (ms) : 1.0
8 Client(s) Throughput (Requests per Second) : 373.0
8 Client(s) Goodput (Requests per Second) : 373.0
8 Client(s) Maximum Response Time (ms) : 173.0
8 Client(s) Average Response Time (ms) : 22.0
8 Client(s) STDEV Response Time (ms) : 2.0
32 Client(s) Throughput (Requests per Second) : 1455.0
32 Client(s) Goodput (Requests per Second) : 1455.0
32 Client(s) Maximum Response Time (ms) : 172.0
32 Client(s) Average Response Time (ms) : 22.0
32 Client(s) STDEV Response Time (ms) : 1.0
128 Client(s) Throughput (Requests per Second) : 5198.0
128 Client(s) Goodput (Requests per Second) : 5198.0
128 Client(s) Maximum Response Time (ms) : 172.0
128 Client(s) Average Response Time (ms) : 22.0
128 Client(s) STDEV Response Time (ms) : 3.0
Multi-Client Crash : 2.0
Single Client Capacity (MiB) for value size of 10000 : 48.0
Single Client Capacity Test 1 : 2.0
Single Client Capacity (MiB) for value size of 5000 : 48.0
Single Client Capacity Test 2 : 2.0
Invalid Key Test : 2.0
Invalid Value Test : 2.0
Shutdown Test : 2.0
Result Verification Code : 9336.0
[Info] Submission Successful!
Results server is up. Secret is valid.
Results successfully submitted.

Completed A4 Tests.
Testing completed in 1462.952s
