CPEN 431 EVALUATION test Client
Time: Sun Feb 03 13:36:57 PST 2019
Build Date: Sat Feb 02 17:04:35 PST 2019
Java process ID: 49391

[Info] A3 Client running in TEST mode.


[Info] Created server list successfully.

[Test isAlive]
TEST PASSED

[ TEST Basic PUT/GET (PUT -> GET). Value Length = 8 Bytes ]
TEST_PASSED

[ TEST Basic PUT/GET (PUT -> GET). Value Length = 32 Bytes ]
TEST_PASSED

[ TEST Basic PUT/GET (PUT -> GET). Value Length = 2048 Bytes ]
TEST_PASSED

[ TEST Basic PUT/GET (PUT -> GET). Value Length = 10000 Bytes ]
TEST_PASSED



[ TEST Basic KVS with message version (PUT Version 1 -> GET -> PUT Version 2 -> GET). Value Length = 8 Bytes ]
TEST_PASSED

[ TEST Basic KVS with message version (PUT Version 1 -> GET -> PUT Version 2 -> GET). Value Length = 32 Bytes ]
TEST_PASSED

[ TEST Basic KVS with message version (PUT Version 1 -> GET -> PUT Version 2 -> GET). Value Length = 2048 Bytes ]
TEST_PASSED

[ TEST Basic KVS with message version (PUT Version 1 -> GET -> PUT Version 2 -> GET). Value Length = 10000 Bytes ]
TEST_PASSED

[ TEST Basic REMOVE (PUT -> GET -> REM -> GET). Value Length = 32 Bytes. ]
TEST_PASSED

[ TEST Double remove (PUT -> REM -> REM). Value Length = 32 Bytes. ]
TEST_PASSED

[ TEST Invalid Command. ]
TEST_PASSED

[ TEST At-Most-Once Client Policy (PUT -> REM -> REM). Value length =  32 Bytes ]
Second REM timeout!
Second REM timeout!
Second REM timeout!
Second REM timeout!
Second REM timeout!
Second REM timeout!
Second REM timeout!
Second REM timeout!
Second REM timeout!
Second REM timeout!
TEST_UNDECIDED

[ TEST At-Most-Once Client Policy Empty REMs (EMPTY -> REM -> REM) ]
Second REM timeout!
Second REM timeout!
Second REM timeout!
Second REM timeout!
Second REM timeout!
Second REM timeout!
Second REM timeout!
Second REM timeout!
Second REM timeout!
Second REM timeout!
TEST_UNDECIDED

[ TEST At-Most-Once Client Policy Error Return Code (REM -> PUT -> REM) ]
Second REM timeout!
Second REM timeout!
Second REM timeout!
Second REM timeout!
Second REM timeout!
Second REM timeout!
Second REM timeout!
Second REM timeout!
Second REM timeout!
Second REM timeout!
TEST_UNDECIDED

[ TEST Multi Client Performance (1 clients, 60.0 seconds): PUT -> GET (closed loop) ]
Test time limit reached: 60.0s.
Test completed after 28987 closed loops.
[Test] Checking if server is up ...
Test Passed. Server is ok.
Test Status: TEST_PASSED
Clients: 1
Total Requests (without replies): 57974
Total Requests (including replies): 58002
Successful Responses: 57967
Timeout Responses: 7
Total Failed Responses: 0
% Success: 99.98792562183047
% Timeout: 0.01207437816952427
% Failed: 0.0
Response Time (Successful requests):
[max] 19ms, [min] 0ms
[avg] 0.20351234322976866 ms, [stdev] 0.4163860596619964ms
Throughput: 935.0343537305248 requests per second
Goodput: 934.9214541466405 requests per second
Retry Rate (Successful requests): 1.000482975126781

[ TEST Multi Client Performance (2 clients, 60.0 seconds): PUT -> GET (closed loop) ]
Test time limit reached: 60.0s.
Test completed after 34652 closed loops.
Test time limit reached: 60.0s.
Test completed after 15484 closed loops.
[Test] Checking if server is up ...
Test Passed. Server is ok.
Test Status: TEST_PASSED
Clients: 2
Total Requests (without replies): 100272
Total Requests (including replies): 100324
Successful Responses: 100259
Timeout Responses: 13
Total Failed Responses: 0
% Success: 99.9870352640817
% Timeout: 0.012964735918302219
% Failed: 0.0
Response Time (Successful requests):
[max] 58ms, [min] 0ms
[avg] 0.2638466372096271 ms, [stdev] 0.5761725733131019ms
Throughput: 1666.3398421271293 requests per second
Goodput: 1666.123805567096 requests per second
Retry Rate (Successful requests): 1.000518589436732

[ TEST Multi Client Performance (4 clients, 60.0 seconds): PUT -> GET (closed loop) ]
Logic error after 1 closed loops. GET Value != PUT Value.
Put:1475008107, Get:1604797857
Test time limit reached: 60.0s.
Test completed after 39272 closed loops.
Test time limit reached: 60.0s.
Test completed after 15293 closed loops.
Test time limit reached: 60.0s.
Test completed after 16755 closed loops.
Test Failed. Logic Error.
Test Aborted!
Test Status: TEST_FAILED
Clients: 4
Total Requests (without replies): 142642
Total Requests (including replies): 142690
Successful Responses: 142630
Timeout Responses: 12
Total Failed Responses: 0
% Success: 99.99158733051976
% Timeout: 0.008412669480237236
% Failed: 0.0
Response Time (Successful requests):
[max] 93ms, [min] 0ms
[avg] 0.580719343756573 ms, [stdev] 0.8531286507160677ms
Throughput: 2319.94795478572 requests per second
Goodput: 2319.7527852321705 requests per second
Retry Rate (Successful requests): 1.0003365067792096
Test did not pass. Aborting. Maximum Clients = 4

[ TEST Multi Client Crash: PUT -> GET (closed loop) + REM -> WIPEOUT (closed loop) ]
[Test isAlive]
Test Passed. Server is ok.
TEST_PASSED
Pausing for 10 seconds to wait for the cache to be cleared!

[ TEST Single Client Capacity (Value Size = 10000 bytes, Limit = 7340 PUTs, ~69.99969482421875 MiB) : PUT -> GET (closed loop) ]
[Info] Received OVERLOAD from the server. Sleeping for [2500] ms.
[Info] Received OVERLOAD from the server. Sleeping for [2500] ms.
[Info] Received OVERLOAD from the server. Sleeping for [2500] ms.
[Info] Received OVERLOAD from the server. Sleeping for [2500] ms.
[Info] Received OVERLOAD from the server. Sleeping for [2500] ms.
[Info] Received OVERLOAD from the server. Sleeping for [2500] ms.
[Info] Received OVERLOAD from the server. Sleeping for [2500] ms.
[Info] Received OVERLOAD from the server. Sleeping for [2500] ms.
[Info] Received OVERLOAD from the server. Sleeping for [2500] ms.
[Info] Received OVERLOAD from the server. Sleeping for [2500] ms.
[Info] Received OVERLOAD from the server. Sleeping for [2500] ms.
[Info] Received OVERLOAD from the server. Sleeping for [2500] ms.
ERROR_OUT_OF_SPACE
Received error code after 3598 closed loops (~34.313201904296875 MiB).
PUTs sent = 3598(~34.313201904296875 MiB) , Limit = 7340
[Test isAlive]
Test Passed. Server is ok.
TEST_PASSED
Pausing for 10 seconds to wait for the cache to be cleared!

[ TEST Single Client Capacity (Value Size = 500 bytes, Limit = 146800 PUTs, ~69.99969482421875 MiB) : PUT -> GET (closed loop) ]
ERROR_OUT_OF_SPACE
Received error code after 70867 closed loops (~33.79201889038086 MiB).
PUTs sent = 70867(~33.79201889038086 MiB) , Limit = 146800
[Test isAlive]
Test Passed. Server is ok.
TEST_PASSED

[TEST Invalid Key ]
TEST_PASSED

[TEST Invalid Value ]
TEST_PASSED

Sending SHUTDOWN to 1 servers.
[ ... Completed in 0.007 seconds ]
[Test isAlive] for localhost:18141
>>> Server node localhost is not down as expected.
[ ... Completed in 0.005 seconds ]
Warning: Server is still up after being issued shutdown command!
Results Summary:
Basic PUT GET  : 2.0
Double PUT with version : 2.0
Double PUT with version : 2.0
Double PUT with version : 2.0
Double PUT with version : 2.0
Remove Operation : 2.0
Double Remove : 2.0
Invalid Command : 2.0
At-Most-Once Policy : 1.0
At-Most-Once Policy Empty REMs : 1.0
At-Most-Once Policy Error Return Code : 1.0
1 Client(s) Throughput (Requests per Second) : 936.0
1 Client(s) Goodput (Requests per Second) : 935.0
1 Client(s) Maximum Response Time (ms) : 19.0
1 Client(s) Average Response Time (ms) : 1.0
1 Client(s) STDEV Response Time (ms) : 1.0
2 Client(s) Throughput (Requests per Second) : 1667.0
2 Client(s) Goodput (Requests per Second) : 1667.0
2 Client(s) Maximum Response Time (ms) : 58.0
2 Client(s) Average Response Time (ms) : 1.0
2 Client(s) STDEV Response Time (ms) : 1.0
4 Client(s) Throughput (Requests per Second) : 2320.0
4 Client(s) Goodput (Requests per Second) : 2320.0
4 Client(s) Maximum Response Time (ms) : 93.0
4 Client(s) Average Response Time (ms) : 1.0
4 Client(s) STDEV Response Time (ms) : 1.0
Multi-Client Crash : 2.0
Single Client Capacity (MiB) for value size of 10000 : 35.0
Single Client Capacity Test 1 : 2.0
Single Client Capacity (MiB) for value size of 500 : 34.0
Single Client Capacity Test 2 : 2.0
Invalid Key Test : 2.0
Invalid Value Test : 2.0
Shutdown Test : 0.0
Result Verification Code : 14362.0

Completed A3 Tests.
Testing completed in 616.006s
